[2015-12-21 23:57:47] local.ERROR: exception 'PDOException' with message 'SQLSTATE[42S02]: Base table or view not found: 1146 Table 'laravel.admin_limit_function' doesn't exist' in /usr/local/tengine/html/test.admin.womenshuo.com/vendor/laravel/framework/src/Illuminate/Database/Connection.php:292
Stack trace:
#0 /usr/local/tengine/html/test.admin.womenshuo.com/vendor/laravel/framework/src/Illuminate/Database/Connection.php(292): PDO->prepare('select function...')
#1 /usr/local/tengine/html/test.admin.womenshuo.com/vendor/laravel/framework/src/Illuminate/Database/Connection.php(616): Illuminate\Database\Connection->Illuminate\Database\{closure}(Object(Illuminate\Database\MySqlConnection), 'select function...', Array)
#2 /usr/local/tengine/html/test.admin.womenshuo.com/vendor/laravel/framework/src/Illuminate/Database/Connection.php(580): Illuminate\Database\Connection->runQueryCallback('select function...', Array, Object(Closure))
#3 /usr/local/tengine/html/test.admin.womenshuo.com/vendor/laravel/framework/src/Illuminate/Database/Connection.php(297): Illuminate\Database\Connection->run('select function...', Array, Object(Closure))
#4 /usr/local/tengine/html/test.admin.womenshuo.com/vendor/laravel/framework/src/Illuminate/Database/Query/Builder.php(1377): Illuminate\Database\Connection->select('select function...', Array, true)
#5 /usr/local/tengine/html/test.admin.womenshuo.com/vendor/laravel/framework/src/Illuminate/Database/Query/Builder.php(1367): Illuminate\Database\Query\Builder->runSelect()
#6 /usr/local/tengine/html/test.admin.womenshuo.com/vendor/laravel/framework/src/Illuminate/Database/Query/Builder.php(1354): Illuminate\Database\Query\Builder->getFresh(Array)
#7 /usr/local/tengine/html/test.admin.womenshuo.com/vendor/laravel/framework/src/Illuminate/Database/Query/Builder.php(1511): Illuminate\Database\Query\Builder->get(Array)
#8 /usr/local/tengine/html/test.admin.womenshuo.com/vendor/laravel/framework/src/Illuminate/Database/Eloquent/Builder.php(221): Illuminate\Database\Query\Builder->lists('function_id', NULL)
#9 /usr/local/tengine/html/test.admin.womenshuo.com/app/Model/Admin/Admin/AdminLimitFunctionModel.php(29): Illuminate\Database\Eloquent\Builder->lists('function_id')
#10 /usr/local/tengine/html/test.admin.womenshuo.com/app/Model/Admin/Admin/AdminFunctionModel.php(59): App\Model\Admin\Admin\AdminLimitFunctionModel::getUserRelationFunnction(1)
#11 /usr/local/tengine/html/test.admin.womenshuo.com/app/Http/Controllers/Admin/Admin/AdminFunctionController.php(152): App\Model\Admin\Admin\AdminFunctionModel::getFullUserFunction('35')
#12 [internal function]: App\Http\Controllers\Admin\Admin\AdminFunctionController->getLimitFunc(Object(Illuminate\Http\Request))
#13 /usr/local/tengine/html/test.admin.womenshuo.com/vendor/laravel/framework/src/Illuminate/Routing/Controller.php(246): call_user_func_array(Array, Array)
#14 /usr/local/tengine/html/test.admin.womenshuo.com/vendor/laravel/framework/src/Illuminate/Routing/ControllerDispatcher.php(162): Illuminate\Routing\Controller->callAction('getLimitFunc', Array)
#15 /usr/local/tengine/html/test.admin.womenshuo.com/vendor/laravel/framework/src/Illuminate/Routing/ControllerDispatcher.php(107): Illuminate\Routing\ControllerDispatcher->call(Object(App\Http\Controllers\Admin\Admin\AdminFunctionController), Object(Illuminate\Routing\Route), 'getLimitFunc')
#16 [internal function]: Illuminate\Routing\ControllerDispatcher->Illuminate\Routing\{closure}(Object(Illuminate\Http\Request))
#17 /usr/local/tengine/html/test.admin.womenshuo.com/vendor/laravel/framework/src/Illuminate/Pipeline/Pipeline.php(141): call_user_func(Object(Closure), Object(Illuminate\Http\Request))
#18 [internal function]: Illuminate\Pipeline\Pipeline->Illuminate\Pipeline\{closure}(Object(Illuminate\Http\Request))
#19 /usr/local/tengine/html/test.admin.womenshuo.com/vendor/laravel/framework/src/Illuminate/Pipeline/Pipeline.php(101): call_user_func(Object(Closure), Object(Illuminate\Http\Request))
#20 /usr/local/tengine/html/test.admin.womenshuo.com/vendor/laravel/framework/src/Illuminate/Routing/ControllerDispatcher.php(108): Illuminate\Pipeline\Pipeline->then(Object(Closure))
#21 /usr/local/tengine/html/test.admin.womenshuo.com/vendor/laravel/framework/src/Illuminate/Routing/ControllerDispatcher.php(67): Illuminate\Routing\ControllerDispatcher->callWithinStack(Object(App\Http\Controllers\Admin\Admin\AdminFunctionController), Object(Illuminate\Routing\Route), Object(Illuminate\Http\Request), 'getLimitFunc')
#22 /usr/local/tengine/html/test.admin.womenshuo.com/vendor/laravel/framework/src/Illuminate/Routing/Route.php(204): Illuminate\Routing\ControllerDispatcher->dispatch(Object(Illuminate\Routing\Route), Object(Illuminate\Http\Request), 'App\\Http\\Contro...', 'getLimitFunc')
#23 /usr/local/tengine/html/test.admin.womenshuo.com/vendor/laravel/framework/src/Illuminate/Routing/Route.php(134): Illuminate\Routing\Route->runWithCustomDispatcher(Object(Illuminate\Http\Request))
#24 /usr/local/tengine/html/test.admin.womenshuo.com/vendor/laravel/framework/src/Illuminate/Routing/Router.php(701): Illuminate\Routing\Route->run(Object(Illuminate\Http\Request))
#25 [internal function]: Illuminate\Routing\Router->Illuminate\Routing\{closure}(Object(Illuminate\Http\Request))
#26 /usr/local/tengine/html/test.admin.womenshuo.com/vendor/laravel/framework/src/Illuminate/Pipeline/Pipeline.php(141): call_user_func(Object(Closure), Object(Illuminate\Http\Request))
#27 [internal function]: Illuminate\Pipeline\Pipeline->Illuminate\Pipeline\{closure}(Object(Illuminate\Http\Request))
#28 /usr/local/tengine/html/test.admin.womenshuo.com/vendor/laravel/framework/src/Illuminate/Pipeline/Pipeline.php(101): call_user_func(Object(Closure), Object(Illuminate\Http\Request))
#29 /usr/local/tengine/html/test.admin.womenshuo.com/vendor/laravel/framework/src/Illuminate/Routing/Router.php(703): Illuminate\Pipeline\Pipeline->then(Object(Closure))
#30 /usr/local/tengine/html/test.admin.womenshuo.com/vendor/laravel/framework/src/Illuminate/Routing/Router.php(670): Illuminate\Routing\Router->runRouteWithinStack(Object(Illuminate\Routing\Route), Object(Illuminate\Http\Request))
#31 /usr/local/tengine/html/test.admin.womenshuo.com/vendor/laravel/framework/src/Illuminate/Routing/Router.php(628): Illuminate\Routing\Router->dispatchToRoute(Object(Illuminate\Http\Request))
#32 /usr/local/tengine/html/test.admin.womenshuo.com/vendor/laravel/framework/src/Illuminate/Foundation/Http/Kernel.php(214): Illuminate\Routing\Router->dispatch(Object(Illuminate\Http\Request))
#33 [internal function]: Illuminate\Foundation\Http\Kernel->Illuminate\Foundation\Http\{closure}(Object(Illuminate\Http\Request))
#34 /usr/local/tengine/html/test.admin.womenshuo.com/vendor/laravel/framework/src/Illuminate/Pipeline/Pipeline.php(141): call_user_func(Object(Closure), Object(Illuminate\Http\Request))
#35 /usr/local/tengine/html/test.admin.womenshuo.com/vendor/laravel/framework/src/Illuminate/View/Middleware/ShareErrorsFromSession.php(55): Illuminate\Pipeline\Pipeline->Illuminate\Pipeline\{closure}(Object(Illuminate\Http\Request))
#36 /usr/local/tengine/html/test.admin.womenshuo.com/vendor/laravel/framework/src/Illuminate/Pipeline/Pipeline.php(125): Illuminate\View\Middleware\ShareErrorsFromSession->handle(Object(Illuminate\Http\Request), Object(Closure))
#37 /usr/local/tengine/html/test.admin.womenshuo.com/vendor/laravel/framework/src/Illuminate/Session/Middleware/StartSession.php(61): Illuminate\Pipeline\Pipeline->Illuminate\Pipeline\{closure}(Object(Illuminate\Http\Request))
#38 /usr/local/tengine/html/test.admin.womenshuo.com/vendor/laravel/framework/src/Illuminate/Pipeline/Pipeline.php(125): Illuminate\Session\Middleware\StartSession->handle(Object(Illuminate\Http\Request), Object(Closure))
#39 /usr/local/tengine/html/test.admin.womenshuo.com/vendor/laravel/framework/src/Illuminate/Cookie/Middleware/AddQueuedCookiesToResponse.php(36): Illuminate\Pipeline\Pipeline->Illuminate\Pipeline\{closure}(Object(Illuminate\Http\Request))
#40 /usr/local/tengine/html/test.admin.womenshuo.com/vendor/laravel/framework/src/Illuminate/Pipeline/Pipeline.php(125): Illuminate\Cookie\Middleware\AddQueuedCookiesToResponse->handle(Object(Illuminate\Http\Request), Object(Closure))
#41 /usr/local/tengine/html/test.admin.womenshuo.com/vendor/laravel/framework/src/Illuminate/Cookie/Middleware/EncryptCookies.php(40): Illuminate\Pipeline\Pipeline->Illuminate\Pipeline\{closure}(Object(Illuminate\Http\Request))
#42 /usr/local/tengine/html/test.admin.womenshuo.com/vendor/laravel/framework/src/Illuminate/Pipeline/Pipeline.php(125): Illuminate\Cookie\Middleware\EncryptCookies->handle(Object(Illuminate\Http\Request), Object(Closure))
#43 /usr/local/tengine/html/test.admin.womenshuo.com/vendor/laravel/framework/src/Illuminate/Foundation/Http/Middleware/CheckForMaintenanceMode.php(42): Illuminate\Pipeline\Pipeline->Illuminate\Pipeline\{closure}(Object(Illuminate\Http\Request))
#44 /usr/local/tengine/html/test.admin.womenshuo.com/vendor/laravel/framework/src/Illuminate/Pipeline/Pipeline.php(125): Illuminate\Foundation\Http\Middleware\CheckForMaintenanceMode->handle(Object(Illuminate\Http\Request), Object(Closure))
#45 [internal function]: Illuminate\Pipeline\Pipeline->Illuminate\Pipeline\{closure}(Object(Illuminate\Http\Request))
#46 /usr/local/tengine/html/test.admin.womenshuo.com/vendor/laravel/framework/src/Illuminate/Pipeline/Pipeline.php(101): call_user_func(Object(Closure), Object(Illuminate\Http\Request))
#47 /usr/local/tengine/html/test.admin.womenshuo.com/vendor/laravel/framework/src/Illuminate/Foundation/Http/Kernel.php(115): Illuminate\Pipeline\Pipeline->then(Object(Closure))
#48 /usr/local/tengine/html/test.admin.womenshuo.com/vendor/laravel/framework/src/Illuminate/Foundation/Http/Kernel.php(84): Illuminate\Foundation\Http\Kernel->sendRequestThroughRouter(Object(Illuminate\Http\Request))
#49 /usr/local/tengine/html/test.admin.womenshuo.com/public/index.php(53): Illuminate\Foundation\Http\Kernel->handle(Object(Illuminate\Http\Request))
#50 {main}

Next exception 'Illuminate\Database\QueryException' with message 'SQLSTATE[42S02]: Base table or view not found: 1146 Table 'laravel.admin_limit_function' doesn't exist (SQL: select function_id from admin_limit_function where limit_id = 1)' in /usr/local/tengine/html/test.admin.womenshuo.com/vendor/laravel/framework/src/Illuminate/Database/Connection.php:624
Stack trace:
#0 /usr/local/tengine/html/test.admin.womenshuo.com/vendor/laravel/framework/src/Illuminate/Database/Connection.php(580): Illuminate\Database\Connection->runQueryCallback('select function...', Array, Object(Closure))
#1 /usr/local/tengine/html/test.admin.womenshuo.com/vendor/laravel/framework/src/Illuminate/Database/Connection.php(297): Illuminate\Database\Connection->run('select function...', Array, Object(Closure))
#2 /usr/local/tengine/html/test.admin.womenshuo.com/vendor/laravel/framework/src/Illuminate/Database/Query/Builder.php(1377): Illuminate\Database\Connection->select('select function...', Array, true)
#3 /usr/local/tengine/html/test.admin.womenshuo.com/vendor/laravel/framework/src/Illuminate/Database/Query/Builder.php(1367): Illuminate\Database\Query\Builder->runSelect()
#4 /usr/local/tengine/html/test.admin.womenshuo.com/vendor/laravel/framework/src/Illuminate/Database/Query/Builder.php(1354): Illuminate\Database\Query\Builder->getFresh(Array)
#5 /usr/local/tengine/html/test.admin.womenshuo.com/vendor/laravel/framework/src/Illuminate/Database/Query/Builder.php(1511): Illuminate\Database\Query\Builder->get(Array)
#6 /usr/local/tengine/html/test.admin.womenshuo.com/vendor/laravel/framework/src/Illuminate/Database/Eloquent/Builder.php(221): Illuminate\Database\Query\Builder->lists('function_id', NULL)
#7 /usr/local/tengine/html/test.admin.womenshuo.com/app/Model/Admin/Admin/AdminLimitFunctionModel.php(29): Illuminate\Database\Eloquent\Builder->lists('function_id')
#8 /usr/local/tengine/html/test.admin.womenshuo.com/app/Model/Admin/Admin/AdminFunctionModel.php(59): App\Model\Admin\Admin\AdminLimitFunctionModel::getUserRelationFunnction(1)
#9 /usr/local/tengine/html/test.admin.womenshuo.com/app/Http/Controllers/Admin/Admin/AdminFunctionController.php(152): App\Model\Admin\Admin\AdminFunctionModel::getFullUserFunction('35')
#10 [internal function]: App\Http\Controllers\Admin\Admin\AdminFunctionController->getLimitFunc(Object(Illuminate\Http\Request))
#11 /usr/local/tengine/html/test.admin.womenshuo.com/vendor/laravel/framework/src/Illuminate/Routing/Controller.php(246): call_user_func_array(Array, Array)
#12 /usr/local/tengine/html/test.admin.womenshuo.com/vendor/laravel/framework/src/Illuminate/Routing/ControllerDispatcher.php(162): Illuminate\Routing\Controller->callAction('getLimitFunc', Array)
#13 /usr/local/tengine/html/test.admin.womenshuo.com/vendor/laravel/framework/src/Illuminate/Routing/ControllerDispatcher.php(107): Illuminate\Routing\ControllerDispatcher->call(Object(App\Http\Controllers\Admin\Admin\AdminFunctionController), Object(Illuminate\Routing\Route), 'getLimitFunc')
#14 [internal function]: Illuminate\Routing\ControllerDispatcher->Illuminate\Routing\{closure}(Object(Illuminate\Http\Request))
#15 /usr/local/tengine/html/test.admin.womenshuo.com/vendor/laravel/framework/src/Illuminate/Pipeline/Pipeline.php(141): call_user_func(Object(Closure), Object(Illuminate\Http\Request))
#16 [internal function]: Illuminate\Pipeline\Pipeline->Illuminate\Pipeline\{closure}(Object(Illuminate\Http\Request))
#17 /usr/local/tengine/html/test.admin.womenshuo.com/vendor/laravel/framework/src/Illuminate/Pipeline/Pipeline.php(101): call_user_func(Object(Closure), Object(Illuminate\Http\Request))
#18 /usr/local/tengine/html/test.admin.womenshuo.com/vendor/laravel/framework/src/Illuminate/Routing/ControllerDispatcher.php(108): Illuminate\Pipeline\Pipeline->then(Object(Closure))
#19 /usr/local/tengine/html/test.admin.womenshuo.com/vendor/laravel/framework/src/Illuminate/Routing/ControllerDispatcher.php(67): Illuminate\Routing\ControllerDispatcher->callWithinStack(Object(App\Http\Controllers\Admin\Admin\AdminFunctionController), Object(Illuminate\Routing\Route), Object(Illuminate\Http\Request), 'getLimitFunc')
#20 /usr/local/tengine/html/test.admin.womenshuo.com/vendor/laravel/framework/src/Illuminate/Routing/Route.php(204): Illuminate\Routing\ControllerDispatcher->dispatch(Object(Illuminate\Routing\Route), Object(Illuminate\Http\Request), 'App\\Http\\Contro...', 'getLimitFunc')
#21 /usr/local/tengine/html/test.admin.womenshuo.com/vendor/laravel/framework/src/Illuminate/Routing/Route.php(134): Illuminate\Routing\Route->runWithCustomDispatcher(Object(Illuminate\Http\Request))
#22 /usr/local/tengine/html/test.admin.womenshuo.com/vendor/laravel/framework/src/Illuminate/Routing/Router.php(701): Illuminate\Routing\Route->run(Object(Illuminate\Http\Request))
#23 [internal function]: Illuminate\Routing\Router->Illuminate\Routing\{closure}(Object(Illuminate\Http\Request))
#24 /usr/local/tengine/html/test.admin.womenshuo.com/vendor/laravel/framework/src/Illuminate/Pipeline/Pipeline.php(141): call_user_func(Object(Closure), Object(Illuminate\Http\Request))
#25 [internal function]: Illuminate\Pipeline\Pipeline->Illuminate\Pipeline\{closure}(Object(Illuminate\Http\Request))
#26 /usr/local/tengine/html/test.admin.womenshuo.com/vendor/laravel/framework/src/Illuminate/Pipeline/Pipeline.php(101): call_user_func(Object(Closure), Object(Illuminate\Http\Request))
#27 /usr/local/tengine/html/test.admin.womenshuo.com/vendor/laravel/framework/src/Illuminate/Routing/Router.php(703): Illuminate\Pipeline\Pipeline->then(Object(Closure))
#28 /usr/local/tengine/html/test.admin.womenshuo.com/vendor/laravel/framework/src/Illuminate/Routing/Router.php(670): Illuminate\Routing\Router->runRouteWithinStack(Object(Illuminate\Routing\Route), Object(Illuminate\Http\Request))
#29 /usr/local/tengine/html/test.admin.womenshuo.com/vendor/laravel/framework/src/Illuminate/Routing/Router.php(628): Illuminate\Routing\Router->dispatchToRoute(Object(Illuminate\Http\Request))
#30 /usr/local/tengine/html/test.admin.womenshuo.com/vendor/laravel/framework/src/Illuminate/Foundation/Http/Kernel.php(214): Illuminate\Routing\Router->dispatch(Object(Illuminate\Http\Request))
#31 [internal function]: Illuminate\Foundation\Http\Kernel->Illuminate\Foundation\Http\{closure}(Object(Illuminate\Http\Request))
#32 /usr/local/tengine/html/test.admin.womenshuo.com/vendor/laravel/framework/src/Illuminate/Pipeline/Pipeline.php(141): call_user_func(Object(Closure), Object(Illuminate\Http\Request))
#33 /usr/local/tengine/html/test.admin.womenshuo.com/vendor/laravel/framework/src/Illuminate/View/Middleware/ShareErrorsFromSession.php(55): Illuminate\Pipeline\Pipeline->Illuminate\Pipeline\{closure}(Object(Illuminate\Http\Request))
#34 /usr/local/tengine/html/test.admin.womenshuo.com/vendor/laravel/framework/src/Illuminate/Pipeline/Pipeline.php(125): Illuminate\View\Middleware\ShareErrorsFromSession->handle(Object(Illuminate\Http\Request), Object(Closure))
#35 /usr/local/tengine/html/test.admin.womenshuo.com/vendor/laravel/framework/src/Illuminate/Session/Middleware/StartSession.php(61): Illuminate\Pipeline\Pipeline->Illuminate\Pipeline\{closure}(Object(Illuminate\Http\Request))
#36 /usr/local/tengine/html/test.admin.womenshuo.com/vendor/laravel/framework/src/Illuminate/Pipeline/Pipeline.php(125): Illuminate\Session\Middleware\StartSession->handle(Object(Illuminate\Http\Request), Object(Closure))
#37 /usr/local/tengine/html/test.admin.womenshuo.com/vendor/laravel/framework/src/Illuminate/Cookie/Middleware/AddQueuedCookiesToResponse.php(36): Illuminate\Pipeline\Pipeline->Illuminate\Pipeline\{closure}(Object(Illuminate\Http\Request))
#38 /usr/local/tengine/html/test.admin.womenshuo.com/vendor/laravel/framework/src/Illuminate/Pipeline/Pipeline.php(125): Illuminate\Cookie\Middleware\AddQueuedCookiesToResponse->handle(Object(Illuminate\Http\Request), Object(Closure))
#39 /usr/local/tengine/html/test.admin.womenshuo.com/vendor/laravel/framework/src/Illuminate/Cookie/Middleware/EncryptCookies.php(40): Illuminate\Pipeline\Pipeline->Illuminate\Pipeline\{closure}(Object(Illuminate\Http\Request))
#40 /usr/local/tengine/html/test.admin.womenshuo.com/vendor/laravel/framework/src/Illuminate/Pipeline/Pipeline.php(125): Illuminate\Cookie\Middleware\EncryptCookies->handle(Object(Illuminate\Http\Request), Object(Closure))
#41 /usr/local/tengine/html/test.admin.womenshuo.com/vendor/laravel/framework/src/Illuminate/Foundation/Http/Middleware/CheckForMaintenanceMode.php(42): Illuminate\Pipeline\Pipeline->Illuminate\Pipeline\{closure}(Object(Illuminate\Http\Request))
#42 /usr/local/tengine/html/test.admin.womenshuo.com/vendor/laravel/framework/src/Illuminate/Pipeline/Pipeline.php(125): Illuminate\Foundation\Http\Middleware\CheckForMaintenanceMode->handle(Object(Illuminate\Http\Request), Object(Closure))
#43 [internal function]: Illuminate\Pipeline\Pipeline->Illuminate\Pipeline\{closure}(Object(Illuminate\Http\Request))
#44 /usr/local/tengine/html/test.admin.womenshuo.com/vendor/laravel/framework/src/Illuminate/Pipeline/Pipeline.php(101): call_user_func(Object(Closure), Object(Illuminate\Http\Request))
#45 /usr/local/tengine/html/test.admin.womenshuo.com/vendor/laravel/framework/src/Illuminate/Foundation/Http/Kernel.php(115): Illuminate\Pipeline\Pipeline->then(Object(Closure))
#46 /usr/local/tengine/html/test.admin.womenshuo.com/vendor/laravel/framework/src/Illuminate/Foundation/Http/Kernel.php(84): Illuminate\Foundation\Http\Kernel->sendRequestThroughRouter(Object(Illuminate\Http\Request))
#47 /usr/local/tengine/html/test.admin.womenshuo.com/public/index.php(53): Illuminate\Foundation\Http\Kernel->handle(Object(Illuminate\Http\Request))
#48 {main}  
[2015-12-21 23:57:56] local.ERROR: exception 'PDOException' with message 'SQLSTATE[42S02]: Base table or view not found: 1146 Table 'laravel.admin_limit_function' doesn't exist' in /usr/local/tengine/html/test.admin.womenshuo.com/vendor/laravel/framework/src/Illuminate/Database/Connection.php:292
Stack trace:
#0 /usr/local/tengine/html/test.admin.womenshuo.com/vendor/laravel/framework/src/Illuminate/Database/Connection.php(292): PDO->prepare('select function...')
#1 /usr/local/tengine/html/test.admin.womenshuo.com/vendor/laravel/framework/src/Illuminate/Database/Connection.php(616): Illuminate\Database\Connection->Illuminate\Database\{closure}(Object(Illuminate\Database\MySqlConnection), 'select function...', Array)
#2 /usr/local/tengine/html/test.admin.womenshuo.com/vendor/laravel/framework/src/Illuminate/Database/Connection.php(580): Illuminate\Database\Connection->runQueryCallback('select function...', Array, Object(Closure))
#3 /usr/local/tengine/html/test.admin.womenshuo.com/vendor/laravel/framework/src/Illuminate/Database/Connection.php(297): Illuminate\Database\Connection->run('select function...', Array, Object(Closure))
#4 /usr/local/tengine/html/test.admin.womenshuo.com/vendor/laravel/framework/src/Illuminate/Database/Query/Builder.php(1377): Illuminate\Database\Connection->select('select function...', Array, true)
#5 /usr/local/tengine/html/test.admin.womenshuo.com/vendor/laravel/framework/src/Illuminate/Database/Query/Builder.php(1367): Illuminate\Database\Query\Builder->runSelect()
#6 /usr/local/tengine/html/test.admin.womenshuo.com/vendor/laravel/framework/src/Illuminate/Database/Query/Builder.php(1354): Illuminate\Database\Query\Builder->getFresh(Array)
#7 /usr/local/tengine/html/test.admin.womenshuo.com/vendor/laravel/framework/src/Illuminate/Database/Query/Builder.php(1511): Illuminate\Database\Query\Builder->get(Array)
#8 /usr/local/tengine/html/test.admin.womenshuo.com/vendor/laravel/framework/src/Illuminate/Database/Eloquent/Builder.php(221): Illuminate\Database\Query\Builder->lists('function_id', NULL)
#9 /usr/local/tengine/html/test.admin.womenshuo.com/app/Model/Admin/Admin/AdminLimitFunctionModel.php(29): Illuminate\Database\Eloquent\Builder->lists('function_id')
#10 /usr/local/tengine/html/test.admin.womenshuo.com/app/Model/Admin/Admin/AdminFunctionModel.php(59): App\Model\Admin\Admin\AdminLimitFunctionModel::getUserRelationFunnction(1)
#11 /usr/local/tengine/html/test.admin.womenshuo.com/app/Http/Controllers/Admin/Admin/AdminFunctionController.php(152): App\Model\Admin\Admin\AdminFunctionModel::getFullUserFunction('34')
#12 [internal function]: App\Http\Controllers\Admin\Admin\AdminFunctionController->getLimitFunc(Object(Illuminate\Http\Request))
#13 /usr/local/tengine/html/test.admin.womenshuo.com/vendor/laravel/framework/src/Illuminate/Routing/Controller.php(246): call_user_func_array(Array, Array)
#14 /usr/local/tengine/html/test.admin.womenshuo.com/vendor/laravel/framework/src/Illuminate/Routing/ControllerDispatcher.php(162): Illuminate\Routing\Controller->callAction('getLimitFunc', Array)
#15 /usr/local/tengine/html/test.admin.womenshuo.com/vendor/laravel/framework/src/Illuminate/Routing/ControllerDispatcher.php(107): Illuminate\Routing\ControllerDispatcher->call(Object(App\Http\Controllers\Admin\Admin\AdminFunctionController), Object(Illuminate\Routing\Route), 'getLimitFunc')
#16 [internal function]: Illuminate\Routing\ControllerDispatcher->Illuminate\Routing\{closure}(Object(Illuminate\Http\Request))
#17 /usr/local/tengine/html/test.admin.womenshuo.com/vendor/laravel/framework/src/Illuminate/Pipeline/Pipeline.php(141): call_user_func(Object(Closure), Object(Illuminate\Http\Request))
#18 [internal function]: Illuminate\Pipeline\Pipeline->Illuminate\Pipeline\{closure}(Object(Illuminate\Http\Request))
#19 /usr/local/tengine/html/test.admin.womenshuo.com/vendor/laravel/framework/src/Illuminate/Pipeline/Pipeline.php(101): call_user_func(Object(Closure), Object(Illuminate\Http\Request))
#20 /usr/local/tengine/html/test.admin.womenshuo.com/vendor/laravel/framework/src/Illuminate/Routing/ControllerDispatcher.php(108): Illuminate\Pipeline\Pipeline->then(Object(Closure))
#21 /usr/local/tengine/html/test.admin.womenshuo.com/vendor/laravel/framework/src/Illuminate/Routing/ControllerDispatcher.php(67): Illuminate\Routing\ControllerDispatcher->callWithinStack(Object(App\Http\Controllers\Admin\Admin\AdminFunctionController), Object(Illuminate\Routing\Route), Object(Illuminate\Http\Request), 'getLimitFunc')
#22 /usr/local/tengine/html/test.admin.womenshuo.com/vendor/laravel/framework/src/Illuminate/Routing/Route.php(204): Illuminate\Routing\ControllerDispatcher->dispatch(Object(Illuminate\Routing\Route), Object(Illuminate\Http\Request), 'App\\Http\\Contro...', 'getLimitFunc')
#23 /usr/local/tengine/html/test.admin.womenshuo.com/vendor/laravel/framework/src/Illuminate/Routing/Route.php(134): Illuminate\Routing\Route->runWithCustomDispatcher(Object(Illuminate\Http\Request))
#24 /usr/local/tengine/html/test.admin.womenshuo.com/vendor/laravel/framework/src/Illuminate/Routing/Router.php(701): Illuminate\Routing\Route->run(Object(Illuminate\Http\Request))
#25 [internal function]: Illuminate\Routing\Router->Illuminate\Routing\{closure}(Object(Illuminate\Http\Request))
#26 /usr/local/tengine/html/test.admin.womenshuo.com/vendor/laravel/framework/src/Illuminate/Pipeline/Pipeline.php(141): call_user_func(Object(Closure), Object(Illuminate\Http\Request))
#27 [internal function]: Illuminate\Pipeline\Pipeline->Illuminate\Pipeline\{closure}(Object(Illuminate\Http\Request))
#28 /usr/local/tengine/html/test.admin.womenshuo.com/vendor/laravel/framework/src/Illuminate/Pipeline/Pipeline.php(101): call_user_func(Object(Closure), Object(Illuminate\Http\Request))
#29 /usr/local/tengine/html/test.admin.womenshuo.com/vendor/laravel/framework/src/Illuminate/Routing/Router.php(703): Illuminate\Pipeline\Pipeline->then(Object(Closure))
#30 /usr/local/tengine/html/test.admin.womenshuo.com/vendor/laravel/framework/src/Illuminate/Routing/Router.php(670): Illuminate\Routing\Router->runRouteWithinStack(Object(Illuminate\Routing\Route), Object(Illuminate\Http\Request))
#31 /usr/local/tengine/html/test.admin.womenshuo.com/vendor/laravel/framework/src/Illuminate/Routing/Router.php(628): Illuminate\Routing\Router->dispatchToRoute(Object(Illuminate\Http\Request))
#32 /usr/local/tengine/html/test.admin.womenshuo.com/vendor/laravel/framework/src/Illuminate/Foundation/Http/Kernel.php(214): Illuminate\Routing\Router->dispatch(Object(Illuminate\Http\Request))
#33 [internal function]: Illuminate\Foundation\Http\Kernel->Illuminate\Foundation\Http\{closure}(Object(Illuminate\Http\Request))
#34 /usr/local/tengine/html/test.admin.womenshuo.com/vendor/laravel/framework/src/Illuminate/Pipeline/Pipeline.php(141): call_user_func(Object(Closure), Object(Illuminate\Http\Request))
#35 /usr/local/tengine/html/test.admin.womenshuo.com/vendor/laravel/framework/src/Illuminate/View/Middleware/ShareErrorsFromSession.php(55): Illuminate\Pipeline\Pipeline->Illuminate\Pipeline\{closure}(Object(Illuminate\Http\Request))
#36 /usr/local/tengine/html/test.admin.womenshuo.com/vendor/laravel/framework/src/Illuminate/Pipeline/Pipeline.php(125): Illuminate\View\Middleware\ShareErrorsFromSession->handle(Object(Illuminate\Http\Request), Object(Closure))
#37 /usr/local/tengine/html/test.admin.womenshuo.com/vendor/laravel/framework/src/Illuminate/Session/Middleware/StartSession.php(61): Illuminate\Pipeline\Pipeline->Illuminate\Pipeline\{closure}(Object(Illuminate\Http\Request))
#38 /usr/local/tengine/html/test.admin.womenshuo.com/vendor/laravel/framework/src/Illuminate/Pipeline/Pipeline.php(125): Illuminate\Session\Middleware\StartSession->handle(Object(Illuminate\Http\Request), Object(Closure))
#39 /usr/local/tengine/html/test.admin.womenshuo.com/vendor/laravel/framework/src/Illuminate/Cookie/Middleware/AddQueuedCookiesToResponse.php(36): Illuminate\Pipeline\Pipeline->Illuminate\Pipeline\{closure}(Object(Illuminate\Http\Request))
#40 /usr/local/tengine/html/test.admin.womenshuo.com/vendor/laravel/framework/src/Illuminate/Pipeline/Pipeline.php(125): Illuminate\Cookie\Middleware\AddQueuedCookiesToResponse->handle(Object(Illuminate\Http\Request), Object(Closure))
#41 /usr/local/tengine/html/test.admin.womenshuo.com/vendor/laravel/framework/src/Illuminate/Cookie/Middleware/EncryptCookies.php(40): Illuminate\Pipeline\Pipeline->Illuminate\Pipeline\{closure}(Object(Illuminate\Http\Request))
#42 /usr/local/tengine/html/test.admin.womenshuo.com/vendor/laravel/framework/src/Illuminate/Pipeline/Pipeline.php(125): Illuminate\Cookie\Middleware\EncryptCookies->handle(Object(Illuminate\Http\Request), Object(Closure))
#43 /usr/local/tengine/html/test.admin.womenshuo.com/vendor/laravel/framework/src/Illuminate/Foundation/Http/Middleware/CheckForMaintenanceMode.php(42): Illuminate\Pipeline\Pipeline->Illuminate\Pipeline\{closure}(Object(Illuminate\Http\Request))
#44 /usr/local/tengine/html/test.admin.womenshuo.com/vendor/laravel/framework/src/Illuminate/Pipeline/Pipeline.php(125): Illuminate\Foundation\Http\Middleware\CheckForMaintenanceMode->handle(Object(Illuminate\Http\Request), Object(Closure))
#45 [internal function]: Illuminate\Pipeline\Pipeline->Illuminate\Pipeline\{closure}(Object(Illuminate\Http\Request))
#46 /usr/local/tengine/html/test.admin.womenshuo.com/vendor/laravel/framework/src/Illuminate/Pipeline/Pipeline.php(101): call_user_func(Object(Closure), Object(Illuminate\Http\Request))
#47 /usr/local/tengine/html/test.admin.womenshuo.com/vendor/laravel/framework/src/Illuminate/Foundation/Http/Kernel.php(115): Illuminate\Pipeline\Pipeline->then(Object(Closure))
#48 /usr/local/tengine/html/test.admin.womenshuo.com/vendor/laravel/framework/src/Illuminate/Foundation/Http/Kernel.php(84): Illuminate\Foundation\Http\Kernel->sendRequestThroughRouter(Object(Illuminate\Http\Request))
#49 /usr/local/tengine/html/test.admin.womenshuo.com/public/index.php(53): Illuminate\Foundation\Http\Kernel->handle(Object(Illuminate\Http\Request))
#50 {main}

Next exception 'Illuminate\Database\QueryException' with message 'SQLSTATE[42S02]: Base table or view not found: 1146 Table 'laravel.admin_limit_function' doesn't exist (SQL: select function_id from admin_limit_function where limit_id = 1)' in /usr/local/tengine/html/test.admin.womenshuo.com/vendor/laravel/framework/src/Illuminate/Database/Connection.php:624
Stack trace:
#0 /usr/local/tengine/html/test.admin.womenshuo.com/vendor/laravel/framework/src/Illuminate/Database/Connection.php(580): Illuminate\Database\Connection->runQueryCallback('select function...', Array, Object(Closure))
#1 /usr/local/tengine/html/test.admin.womenshuo.com/vendor/laravel/framework/src/Illuminate/Database/Connection.php(297): Illuminate\Database\Connection->run('select function...', Array, Object(Closure))
#2 /usr/local/tengine/html/test.admin.womenshuo.com/vendor/laravel/framework/src/Illuminate/Database/Query/Builder.php(1377): Illuminate\Database\Connection->select('select function...', Array, true)
#3 /usr/local/tengine/html/test.admin.womenshuo.com/vendor/laravel/framework/src/Illuminate/Database/Query/Builder.php(1367): Illuminate\Database\Query\Builder->runSelect()
#4 /usr/local/tengine/html/test.admin.womenshuo.com/vendor/laravel/framework/src/Illuminate/Database/Query/Builder.php(1354): Illuminate\Database\Query\Builder->getFresh(Array)
#5 /usr/local/tengine/html/test.admin.womenshuo.com/vendor/laravel/framework/src/Illuminate/Database/Query/Builder.php(1511): Illuminate\Database\Query\Builder->get(Array)
#6 /usr/local/tengine/html/test.admin.womenshuo.com/vendor/laravel/framework/src/Illuminate/Database/Eloquent/Builder.php(221): Illuminate\Database\Query\Builder->lists('function_id', NULL)
#7 /usr/local/tengine/html/test.admin.womenshuo.com/app/Model/Admin/Admin/AdminLimitFunctionModel.php(29): Illuminate\Database\Eloquent\Builder->lists('function_id')
#8 /usr/local/tengine/html/test.admin.womenshuo.com/app/Model/Admin/Admin/AdminFunctionModel.php(59): App\Model\Admin\Admin\AdminLimitFunctionModel::getUserRelationFunnction(1)
#9 /usr/local/tengine/html/test.admin.womenshuo.com/app/Http/Controllers/Admin/Admin/AdminFunctionController.php(152): App\Model\Admin\Admin\AdminFunctionModel::getFullUserFunction('34')
#10 [internal function]: App\Http\Controllers\Admin\Admin\AdminFunctionController->getLimitFunc(Object(Illuminate\Http\Request))
#11 /usr/local/tengine/html/test.admin.womenshuo.com/vendor/laravel/framework/src/Illuminate/Routing/Controller.php(246): call_user_func_array(Array, Array)
#12 /usr/local/tengine/html/test.admin.womenshuo.com/vendor/laravel/framework/src/Illuminate/Routing/ControllerDispatcher.php(162): Illuminate\Routing\Controller->callAction('getLimitFunc', Array)
#13 /usr/local/tengine/html/test.admin.womenshuo.com/vendor/laravel/framework/src/Illuminate/Routing/ControllerDispatcher.php(107): Illuminate\Routing\ControllerDispatcher->call(Object(App\Http\Controllers\Admin\Admin\AdminFunctionController), Object(Illuminate\Routing\Route), 'getLimitFunc')
#14 [internal function]: Illuminate\Routing\ControllerDispatcher->Illuminate\Routing\{closure}(Object(Illuminate\Http\Request))
#15 /usr/local/tengine/html/test.admin.womenshuo.com/vendor/laravel/framework/src/Illuminate/Pipeline/Pipeline.php(141): call_user_func(Object(Closure), Object(Illuminate\Http\Request))
#16 [internal function]: Illuminate\Pipeline\Pipeline->Illuminate\Pipeline\{closure}(Object(Illuminate\Http\Request))
#17 /usr/local/tengine/html/test.admin.womenshuo.com/vendor/laravel/framework/src/Illuminate/Pipeline/Pipeline.php(101): call_user_func(Object(Closure), Object(Illuminate\Http\Request))
#18 /usr/local/tengine/html/test.admin.womenshuo.com/vendor/laravel/framework/src/Illuminate/Routing/ControllerDispatcher.php(108): Illuminate\Pipeline\Pipeline->then(Object(Closure))
#19 /usr/local/tengine/html/test.admin.womenshuo.com/vendor/laravel/framework/src/Illuminate/Routing/ControllerDispatcher.php(67): Illuminate\Routing\ControllerDispatcher->callWithinStack(Object(App\Http\Controllers\Admin\Admin\AdminFunctionController), Object(Illuminate\Routing\Route), Object(Illuminate\Http\Request), 'getLimitFunc')
#20 /usr/local/tengine/html/test.admin.womenshuo.com/vendor/laravel/framework/src/Illuminate/Routing/Route.php(204): Illuminate\Routing\ControllerDispatcher->dispatch(Object(Illuminate\Routing\Route), Object(Illuminate\Http\Request), 'App\\Http\\Contro...', 'getLimitFunc')
#21 /usr/local/tengine/html/test.admin.womenshuo.com/vendor/laravel/framework/src/Illuminate/Routing/Route.php(134): Illuminate\Routing\Route->runWithCustomDispatcher(Object(Illuminate\Http\Request))
#22 /usr/local/tengine/html/test.admin.womenshuo.com/vendor/laravel/framework/src/Illuminate/Routing/Router.php(701): Illuminate\Routing\Route->run(Object(Illuminate\Http\Request))
#23 [internal function]: Illuminate\Routing\Router->Illuminate\Routing\{closure}(Object(Illuminate\Http\Request))
#24 /usr/local/tengine/html/test.admin.womenshuo.com/vendor/laravel/framework/src/Illuminate/Pipeline/Pipeline.php(141): call_user_func(Object(Closure), Object(Illuminate\Http\Request))
#25 [internal function]: Illuminate\Pipeline\Pipeline->Illuminate\Pipeline\{closure}(Object(Illuminate\Http\Request))
#26 /usr/local/tengine/html/test.admin.womenshuo.com/vendor/laravel/framework/src/Illuminate/Pipeline/Pipeline.php(101): call_user_func(Object(Closure), Object(Illuminate\Http\Request))
#27 /usr/local/tengine/html/test.admin.womenshuo.com/vendor/laravel/framework/src/Illuminate/Routing/Router.php(703): Illuminate\Pipeline\Pipeline->then(Object(Closure))
#28 /usr/local/tengine/html/test.admin.womenshuo.com/vendor/laravel/framework/src/Illuminate/Routing/Router.php(670): Illuminate\Routing\Router->runRouteWithinStack(Object(Illuminate\Routing\Route), Object(Illuminate\Http\Request))
#29 /usr/local/tengine/html/test.admin.womenshuo.com/vendor/laravel/framework/src/Illuminate/Routing/Router.php(628): Illuminate\Routing\Router->dispatchToRoute(Object(Illuminate\Http\Request))
#30 /usr/local/tengine/html/test.admin.womenshuo.com/vendor/laravel/framework/src/Illuminate/Foundation/Http/Kernel.php(214): Illuminate\Routing\Router->dispatch(Object(Illuminate\Http\Request))
#31 [internal function]: Illuminate\Foundation\Http\Kernel->Illuminate\Foundation\Http\{closure}(Object(Illuminate\Http\Request))
#32 /usr/local/tengine/html/test.admin.womenshuo.com/vendor/laravel/framework/src/Illuminate/Pipeline/Pipeline.php(141): call_user_func(Object(Closure), Object(Illuminate\Http\Request))
#33 /usr/local/tengine/html/test.admin.womenshuo.com/vendor/laravel/framework/src/Illuminate/View/Middleware/ShareErrorsFromSession.php(55): Illuminate\Pipeline\Pipeline->Illuminate\Pipeline\{closure}(Object(Illuminate\Http\Request))
#34 /usr/local/tengine/html/test.admin.womenshuo.com/vendor/laravel/framework/src/Illuminate/Pipeline/Pipeline.php(125): Illuminate\View\Middleware\ShareErrorsFromSession->handle(Object(Illuminate\Http\Request), Object(Closure))
#35 /usr/local/tengine/html/test.admin.womenshuo.com/vendor/laravel/framework/src/Illuminate/Session/Middleware/StartSession.php(61): Illuminate\Pipeline\Pipeline->Illuminate\Pipeline\{closure}(Object(Illuminate\Http\Request))
#36 /usr/local/tengine/html/test.admin.womenshuo.com/vendor/laravel/framework/src/Illuminate/Pipeline/Pipeline.php(125): Illuminate\Session\Middleware\StartSession->handle(Object(Illuminate\Http\Request), Object(Closure))
#37 /usr/local/tengine/html/test.admin.womenshuo.com/vendor/laravel/framework/src/Illuminate/Cookie/Middleware/AddQueuedCookiesToResponse.php(36): Illuminate\Pipeline\Pipeline->Illuminate\Pipeline\{closure}(Object(Illuminate\Http\Request))
#38 /usr/local/tengine/html/test.admin.womenshuo.com/vendor/laravel/framework/src/Illuminate/Pipeline/Pipeline.php(125): Illuminate\Cookie\Middleware\AddQueuedCookiesToResponse->handle(Object(Illuminate\Http\Request), Object(Closure))
#39 /usr/local/tengine/html/test.admin.womenshuo.com/vendor/laravel/framework/src/Illuminate/Cookie/Middleware/EncryptCookies.php(40): Illuminate\Pipeline\Pipeline->Illuminate\Pipeline\{closure}(Object(Illuminate\Http\Request))
#40 /usr/local/tengine/html/test.admin.womenshuo.com/vendor/laravel/framework/src/Illuminate/Pipeline/Pipeline.php(125): Illuminate\Cookie\Middleware\EncryptCookies->handle(Object(Illuminate\Http\Request), Object(Closure))
#41 /usr/local/tengine/html/test.admin.womenshuo.com/vendor/laravel/framework/src/Illuminate/Foundation/Http/Middleware/CheckForMaintenanceMode.php(42): Illuminate\Pipeline\Pipeline->Illuminate\Pipeline\{closure}(Object(Illuminate\Http\Request))
#42 /usr/local/tengine/html/test.admin.womenshuo.com/vendor/laravel/framework/src/Illuminate/Pipeline/Pipeline.php(125): Illuminate\Foundation\Http\Middleware\CheckForMaintenanceMode->handle(Object(Illuminate\Http\Request), Object(Closure))
#43 [internal function]: Illuminate\Pipeline\Pipeline->Illuminate\Pipeline\{closure}(Object(Illuminate\Http\Request))
#44 /usr/local/tengine/html/test.admin.womenshuo.com/vendor/laravel/framework/src/Illuminate/Pipeline/Pipeline.php(101): call_user_func(Object(Closure), Object(Illuminate\Http\Request))
#45 /usr/local/tengine/html/test.admin.womenshuo.com/vendor/laravel/framework/src/Illuminate/Foundation/Http/Kernel.php(115): Illuminate\Pipeline\Pipeline->then(Object(Closure))
#46 /usr/local/tengine/html/test.admin.womenshuo.com/vendor/laravel/framework/src/Illuminate/Foundation/Http/Kernel.php(84): Illuminate\Foundation\Http\Kernel->sendRequestThroughRouter(Object(Illuminate\Http\Request))
#47 /usr/local/tengine/html/test.admin.womenshuo.com/public/index.php(53): Illuminate\Foundation\Http\Kernel->handle(Object(Illuminate\Http\Request))
#48 {main}  
